{"timestamp": "2026-02-23T09:52:20.531542Z", "level": "info", "event": "Initializing ApiKeyManager"}
{"timestamp": "2026-02-23T09:52:20.531542Z", "level": "info", "event": "GOOGLE_API_KEY loaded successfully from environment"}
{"timestamp": "2026-02-23T09:52:20.532541Z", "level": "info", "event": "GROQ_API_KEY loaded successfully from environment"}
{"path": "F:\\Sharan AI Projects\\GenAI AgenticAI Projects\\Automated_research_report_generation\\research_and_analyst\\config\\configuration.yaml", "keys": ["astra_db", "embedding_model", "retriever", "llm"], "timestamp": "2026-02-23T09:52:20.535143Z", "level": "info", "event": "Configuration loaded successfully"}
{"config_keys": ["astra_db", "embedding_model", "retriever", "llm"], "timestamp": "2026-02-23T09:52:20.535731Z", "level": "info", "event": "YAML configuration loaded successfully"}
{"provider": "google", "model": "gemini-3-flash-preview", "timestamp": "2026-02-23T09:52:20.536668Z", "level": "info", "event": "Loading LLM"}
{"provider": "google", "model": "gemini-3-flash-preview", "timestamp": "2026-02-23T09:52:20.572410Z", "level": "info", "event": "LLM loaded successfully"}
{"module": "AutonomousReportGenerator", "timestamp": "2026-02-23T09:52:20.573562Z", "level": "info", "event": "Building report generation graph"}
{"module": "InterviewGraphBuilder", "timestamp": "2026-02-23T09:52:20.574563Z", "level": "info", "event": "Building Interview Graph workflow"}
{"module": "InterviewGraphBuilder", "timestamp": "2026-02-23T09:52:20.588796Z", "level": "info", "event": "Interview Graph compiled successfully"}
{"module": "AutonomousReportGenerator", "timestamp": "2026-02-23T09:52:20.594012Z", "level": "info", "event": "Report generation graph built successfully"}
{"module": "ReportService", "topic": "GenAI in Civil Engineering", "thread_id": "db3c1dc5-017f-462d-acb5-809a7512fc27", "timestamp": "2026-02-23T09:52:20.594012Z", "level": "info", "event": "Starting report pipeline"}
{"module": "AutonomousReportGenerator", "topic": "GenAI in Civil Engineering", "timestamp": "2026-02-23T09:52:20.607037Z", "level": "info", "event": "Creating analyst personas"}
{"module": "AutonomousReportGenerator", "count": 3, "timestamp": "2026-02-23T09:52:53.716147Z", "level": "info", "event": "Analysts created"}
{"timestamp": "2026-02-23T09:52:56.092108Z", "level": "info", "event": "Initializing ApiKeyManager"}
{"timestamp": "2026-02-23T09:52:56.092108Z", "level": "info", "event": "GOOGLE_API_KEY loaded successfully from environment"}
{"timestamp": "2026-02-23T09:52:56.092108Z", "level": "info", "event": "GROQ_API_KEY loaded successfully from environment"}
{"path": "F:\\Sharan AI Projects\\GenAI AgenticAI Projects\\Automated_research_report_generation\\research_and_analyst\\config\\configuration.yaml", "keys": ["astra_db", "embedding_model", "retriever", "llm"], "timestamp": "2026-02-23T09:52:56.097484Z", "level": "info", "event": "Configuration loaded successfully"}
{"config_keys": ["astra_db", "embedding_model", "retriever", "llm"], "timestamp": "2026-02-23T09:52:56.098249Z", "level": "info", "event": "YAML configuration loaded successfully"}
{"provider": "google", "model": "gemini-3-flash-preview", "timestamp": "2026-02-23T09:52:56.098249Z", "level": "info", "event": "Loading LLM"}
{"provider": "google", "model": "gemini-3-flash-preview", "timestamp": "2026-02-23T09:52:56.101258Z", "level": "info", "event": "LLM loaded successfully"}
{"module": "AutonomousReportGenerator", "timestamp": "2026-02-23T09:52:56.101258Z", "level": "info", "event": "Building report generation graph"}
{"module": "InterviewGraphBuilder", "timestamp": "2026-02-23T09:52:56.103810Z", "level": "info", "event": "Building Interview Graph workflow"}
{"module": "InterviewGraphBuilder", "timestamp": "2026-02-23T09:52:56.118573Z", "level": "info", "event": "Interview Graph compiled successfully"}
{"module": "AutonomousReportGenerator", "timestamp": "2026-02-23T09:52:56.131383Z", "level": "info", "event": "Report generation graph built successfully"}
{"module": "ReportService", "thread_id": "db3c1dc5-017f-462d-acb5-809a7512fc27", "timestamp": "2026-02-23T09:52:56.133375Z", "level": "info", "event": "Feedback updated"}
{"module": "InterviewGraphBuilder", "analyst": "Dr. Aris Thorne", "timestamp": "2026-02-23T09:52:56.147976Z", "level": "info", "event": "Generating analyst question"}
{"module": "InterviewGraphBuilder", "analyst": "Sarah Jenkins", "timestamp": "2026-02-23T09:52:56.150990Z", "level": "info", "event": "Generating analyst question"}
{"module": "InterviewGraphBuilder", "analyst": "Dr. Kenji Sato", "timestamp": "2026-02-23T09:52:56.154074Z", "level": "info", "event": "Generating analyst question"}
{"module": "InterviewGraphBuilder", "question_preview": "Hello, I\u2019m Marcus Thorne, a Senior Strategic Analyst focusing on the intersection of heavy industry and emerging tech. It\u2019s a pleasure to speak with you.\n\nSarah, much of the conversation around GenAI ", "timestamp": "2026-02-23T09:53:11.203194Z", "level": "info", "event": "Question generated successfully"}
{"module": "InterviewGraphBuilder", "timestamp": "2026-02-23T09:53:11.203194Z", "level": "info", "event": "Generating search query from conversation"}
{"module": "InterviewGraphBuilder", "question_preview": "Hello, I\u2019m Maya Chen, a Strategic Analyst focusing on the future of urban infrastructure. It\u2019s a pleasure to speak with you, expert. \n\nWe often hear about AI optimizing existing processes, but your wo", "timestamp": "2026-02-23T09:53:11.418581Z", "level": "info", "event": "Question generated successfully"}
{"module": "InterviewGraphBuilder", "timestamp": "2026-02-23T09:53:11.421081Z", "level": "info", "event": "Generating search query from conversation"}
{"module": "InterviewGraphBuilder", "timestamp": "2026-02-23T09:53:20.518827Z", "level": "warning", "event": "Structured output returned None, retrying..."}
{"module": "InterviewGraphBuilder", "timestamp": "2026-02-23T09:53:22.510949Z", "level": "warning", "event": "Structured output returned None, retrying..."}
Retrying langchain_google_genai.chat_models._chat_with_retry.<locals>._chat_with_retry in 2 seconds as it raised ResourceExhausted: 429 You exceeded your current quota, please check your plan and billing details. For more information on this error, head to: https://ai.google.dev/gemini-api/docs/rate-limits. To monitor your current usage, head to: https://ai.dev/rate-limit. 
* Quota exceeded for metric: generativelanguage.googleapis.com/generate_content_free_tier_requests, limit: 20, model: gemini-3-flash
Please retry in 37.57005498s. [links {
  description: "Learn more about Gemini API quotas"
  url: "https://ai.google.dev/gemini-api/docs/rate-limits"
}
, violations {
  quota_metric: "generativelanguage.googleapis.com/generate_content_free_tier_requests"
  quota_id: "GenerateRequestsPerDayPerProjectPerModel-FreeTier"
  quota_dimensions {
    key: "model"
    value: "gemini-3-flash"
  }
  quota_dimensions {
    key: "location"
    value: "global"
  }
  quota_value: 20
}
, retry_delay {
  seconds: 37
}
].
{"module": "InterviewGraphBuilder", "error": "429 You exceeded your current quota, please check your plan and billing details. For more information on this error, head to: https://ai.google.dev/gemini-api/docs/rate-limits. To monitor your current usage, head to: https://ai.dev/rate-limit. \n* Quota exceeded for metric: generativelanguage.googleapis.com/generate_content_free_tier_requests, limit: 20, model: gemini-3-flash\nPlease retry in 35.449774011s. [links {\n  description: \"Learn more about Gemini API quotas\"\n  url: \"https://ai.google.dev/gemini-api/docs/rate-limits\"\n}\n, violations {\n  quota_metric: \"generativelanguage.googleapis.com/generate_content_free_tier_requests\"\n  quota_id: \"GenerateRequestsPerDayPerProjectPerModel-FreeTier\"\n  quota_dimensions {\n    key: \"model\"\n    value: \"gemini-3-flash\"\n  }\n  quota_dimensions {\n    key: \"location\"\n    value: \"global\"\n  }\n  quota_value: 20\n}\n, retry_delay {\n  seconds: 35\n}\n]", "timestamp": "2026-02-23T09:53:24.755831Z", "level": "error", "event": "Error during web search"}
{"module": "InterviewGraphBuilder", "timestamp": "2026-02-23T09:53:30.159866Z", "level": "warning", "event": "Structured output failed after retry, falling back to last message as query"}
{"module": "InterviewGraphBuilder", "query": "Hello, I\u2019m Maya Chen, a Strategic Analyst focusing on the future of urban infrastructure. It\u2019s a pleasure to speak with you, expert. \n\nWe often hear about AI optimizing existing processes, but your work suggests something more radical: the discovery of entirely new, low-carbon material compositions. Could you walk me through a specific instance where a generative model proposed a material combination that human engineers had completely overlooked because it seemed counterintuitive or \"wrong\" by ", "timestamp": "2026-02-23T09:53:30.160851Z", "level": "info", "event": "Performing Tavily web search"}
{"module": "InterviewGraphBuilder", "error": "'str' object has no attribute 'get'", "timestamp": "2026-02-23T09:53:30.983944Z", "level": "error", "event": "Error during web search"}
{"module": "InterviewGraphBuilder", "question_preview": "Hello, I\u2019m Marcus Vane, a systems analyst exploring the integration of emerging tech in heavy industry. \n\nExpert, it\u2019s a pleasure to speak with you. We\u2019ve seen BIM evolve into a standard for coordinat", "timestamp": "2026-02-23T09:54:54.420650Z", "level": "info", "event": "Question generated successfully"}
{"module": "InterviewGraphBuilder", "timestamp": "2026-02-23T09:54:54.422222Z", "level": "info", "event": "Generating search query from conversation"}
Retrying langchain_google_genai.chat_models._chat_with_retry.<locals>._chat_with_retry in 2 seconds as it raised ResourceExhausted: 429 You exceeded your current quota, please check your plan and billing details. For more information on this error, head to: https://ai.google.dev/gemini-api/docs/rate-limits. To monitor your current usage, head to: https://ai.dev/rate-limit. 
* Quota exceeded for metric: generativelanguage.googleapis.com/generate_content_free_tier_requests, limit: 20, model: gemini-3-flash
Please retry in 5.513999894s. [links {
  description: "Learn more about Gemini API quotas"
  url: "https://ai.google.dev/gemini-api/docs/rate-limits"
}
, violations {
  quota_metric: "generativelanguage.googleapis.com/generate_content_free_tier_requests"
  quota_id: "GenerateRequestsPerDayPerProjectPerModel-FreeTier"
  quota_dimensions {
    key: "model"
    value: "gemini-3-flash"
  }
  quota_dimensions {
    key: "location"
    value: "global"
  }
  quota_value: 20
}
, retry_delay {
  seconds: 5
}
].
{"module": "InterviewGraphBuilder", "error": "429 You exceeded your current quota, please check your plan and billing details. For more information on this error, head to: https://ai.google.dev/gemini-api/docs/rate-limits. To monitor your current usage, head to: https://ai.dev/rate-limit. \n* Quota exceeded for metric: generativelanguage.googleapis.com/generate_content_free_tier_requests, limit: 20, model: gemini-3-flash\nPlease retry in 3.224402362s. [links {\n  description: \"Learn more about Gemini API quotas\"\n  url: \"https://ai.google.dev/gemini-api/docs/rate-limits\"\n}\n, violations {\n  quota_metric: \"generativelanguage.googleapis.com/generate_content_free_tier_requests\"\n  quota_id: \"GenerateRequestsPerDayPerProjectPerModel-FreeTier\"\n  quota_dimensions {\n    key: \"model\"\n    value: \"gemini-3-flash\"\n  }\n  quota_dimensions {\n    key: \"location\"\n    value: \"global\"\n  }\n  quota_value: 20\n}\n, retry_delay {\n  seconds: 3\n}\n]", "timestamp": "2026-02-23T09:54:56.989032Z", "level": "error", "event": "Error during web search"}
{"module": "ReportService", "error": "Error in [F:\\Sharan AI Projects\\GenAI AgenticAI Projects\\Automated_research_report_generation\\env\\Lib\\site-packages\\google\\api_core\\grpc_helpers.py] at line [57] | Message: Failed during web search execution\nTraceback:\nTraceback (most recent call last):\n  File \"F:\\Sharan AI Projects\\GenAI AgenticAI Projects\\Automated_research_report_generation\\env\\Lib\\site-packages\\google\\api_core\\grpc_helpers.py\", line 55, in error_remapped_callable\n    return callable_(*args, **kwargs)\n           ^^^^^^^^^^^^^^^^^^^^^^^^^^\n  File \"F:\\Sharan AI Projects\\GenAI AgenticAI Projects\\Automated_research_report_generation\\env\\Lib\\site-packages\\grpc\\_interceptor.py\", line 276, in __call__\n    response, ignored_call = self._with_call(\n                             ^^^^^^^^^^^^^^^^\n  File \"F:\\Sharan AI Projects\\GenAI AgenticAI Projects\\Automated_research_report_generation\\env\\Lib\\site-packages\\grpc\\_interceptor.py\", line 331, in _with_call\n    return call.result(), call\n           ^^^^^^^^^^^^^\n  File \"F:\\Sharan AI Projects\\GenAI AgenticAI Projects\\Automated_research_report_generation\\env\\Lib\\site-packages\\grpc\\_channel.py\", line 438, in result\n    raise self\n  File \"F:\\Sharan AI Projects\\GenAI AgenticAI Projects\\Automated_research_report_generation\\env\\Lib\\site-packages\\grpc\\_interceptor.py\", line 314, in continuation\n    response, call = self._thunk(new_method).with_call(\n                     ^^^^^^^^^^^^^^^^^^^^^^^^^^^^^^^^^^\n  File \"F:\\Sharan AI Projects\\GenAI AgenticAI Projects\\Automated_research_report_generation\\env\\Lib\\site-packages\\grpc\\_channel.py\", line 1173, in with_call\n    return _end_unary_response_blocking(state, call, True, None)\n           ^^^^^^^^^^^^^^^^^^^^^^^^^^^^^^^^^^^^^^^^^^^^^^^^^^^^^\n  File \"F:\\Sharan AI Projects\\GenAI AgenticAI Projects\\Automated_research_report_generation\\env\\Lib\\site-packages\\grpc\\_channel.py\", line 990, in _end_unary_response_blocking\n    raise _InactiveRpcError(state)  # pytype: disable=not-instantiable\n    ^^^^^^^^^^^^^^^^^^^^^^^^^^^^^^\ngrpc._channel._InactiveRpcError: <_InactiveRpcError of RPC that terminated with:\n\tstatus = StatusCode.RESOURCE_EXHAUSTED\n\tdetails = \"You exceeded your current quota, please check your plan and billing details. For more information on this error, head to: https://ai.google.dev/gemini-api/docs/rate-limits. To monitor your current usage, head to: https://ai.dev/rate-limit. \n* Quota exceeded for metric: generativelanguage.googleapis.com/generate_content_free_tier_requests, limit: 20, model: gemini-3-flash\nPlease retry in 35.449774011s.\"\n\tdebug_error_string = \"UNKNOWN:Error received from peer ipv4:216.239.36.223:443 {grpc_status:8, grpc_message:\"You exceeded your current quota, please check your plan and billing details. For more information on this error, head to: https://ai.google.dev/gemini-api/docs/rate-limits. To monitor your current usage, head to: https://ai.dev/rate-limit. \\n* Quota exceeded for metric: generativelanguage.googleapis.com/generate_content_free_tier_requests, limit: 20, model: gemini-3-flash\\nPlease retry in 35.449774011s.\"}\"\n>\n\nThe above exception was the direct cause of the following exception:\n\nTraceback (most recent call last):\n  File \"F:\\Sharan AI Projects\\GenAI AgenticAI Projects\\Automated_research_report_generation\\research_and_analyst\\workflows\\interview_workflow.py\", line 75, in _search_web\n    search_query = structure_llm.invoke([SystemMessage(content=search_prompt)] + state[\"messages\"])\n                   ^^^^^^^^^^^^^^^^^^^^^^^^^^^^^^^^^^^^^^^^^^^^^^^^^^^^^^^^^^^^^^^^^^^^^^^^^^^^^^^^\n  File \"F:\\Sharan AI Projects\\GenAI AgenticAI Projects\\Automated_research_report_generation\\env\\Lib\\site-packages\\langchain_core\\runnables\\base.py\", line 3244, in invoke\n    input_ = context.run(step.invoke, input_, config, **kwargs)\n             ^^^^^^^^^^^^^^^^^^^^^^^^^^^^^^^^^^^^^^^^^^^^^^^^^^\n  File \"F:\\Sharan AI Projects\\GenAI AgenticAI Projects\\Automated_research_report_generation\\env\\Lib\\site-packages\\langchain_core\\runnables\\base.py\", line 5711, in invoke\n    return self.bound.invoke(\n           ^^^^^^^^^^^^^^^^^^\n  File \"F:\\Sharan AI Projects\\GenAI AgenticAI Projects\\Automated_research_report_generation\\env\\Lib\\site-packages\\langchain_google_genai\\chat_models.py\", line 1334, in invoke\n    return super().invoke(input, config, stop=stop, **kwargs)\n           ^^^^^^^^^^^^^^^^^^^^^^^^^^^^^^^^^^^^^^^^^^^^^^^^^^\n  File \"F:\\Sharan AI Projects\\GenAI AgenticAI Projects\\Automated_research_report_generation\\env\\Lib\\site-packages\\langchain_core\\language_models\\chat_models.py\", line 395, in invoke\n    self.generate_prompt(\n  File \"F:\\Sharan AI Projects\\GenAI AgenticAI Projects\\Automated_research_report_generation\\env\\Lib\\site-packages\\langchain_core\\language_models\\chat_models.py\", line 1025, in generate_prompt\n    return self.generate(prompt_messages, stop=stop, callbacks=callbacks, **kwargs)\n           ^^^^^^^^^^^^^^^^^^^^^^^^^^^^^^^^^^^^^^^^^^^^^^^^^^^^^^^^^^^^^^^^^^^^^^^^\n  File \"F:\\Sharan AI Projects\\GenAI AgenticAI Projects\\Automated_research_report_generation\\env\\Lib\\site-packages\\langchain_core\\language_models\\chat_models.py\", line 842, in generate\n    self._generate_with_cache(\n  File \"F:\\Sharan AI Projects\\GenAI AgenticAI Projects\\Automated_research_report_generation\\env\\Lib\\site-packages\\langchain_core\\language_models\\chat_models.py\", line 1091, in _generate_with_cache\n    result = self._generate(\n             ^^^^^^^^^^^^^^^\n  File \"F:\\Sharan AI Projects\\GenAI AgenticAI Projects\\Automated_research_report_generation\\env\\Lib\\site-packages\\langchain_google_genai\\chat_models.py\", line 1441, in _generate\n    response: GenerateContentResponse = _chat_with_retry(\n                                        ^^^^^^^^^^^^^^^^^\n  File \"F:\\Sharan AI Projects\\GenAI AgenticAI Projects\\Automated_research_report_generation\\env\\Lib\\site-packages\\langchain_google_genai\\chat_models.py\", line 231, in _chat_with_retry\n    return _chat_with_retry(**params)\n           ^^^^^^^^^^^^^^^^^^^^^^^^^^\n  File \"F:\\Sharan AI Projects\\GenAI AgenticAI Projects\\Automated_research_report_generation\\env\\Lib\\site-packages\\tenacity\\__init__.py\", line 331, in wrapped_f\n    return copy(f, *args, **kw)\n           ^^^^^^^^^^^^^^^^^^^^\n  File \"F:\\Sharan AI Projects\\GenAI AgenticAI Projects\\Automated_research_report_generation\\env\\Lib\\site-packages\\tenacity\\__init__.py\", line 470, in __call__\n    do = self.iter(retry_state=retry_state)\n         ^^^^^^^^^^^^^^^^^^^^^^^^^^^^^^^^^^\n  File \"F:\\Sharan AI Projects\\GenAI AgenticAI Projects\\Automated_research_report_generation\\env\\Lib\\site-packages\\tenacity\\__init__.py\", line 371, in iter\n    result = action(retry_state)\n             ^^^^^^^^^^^^^^^^^^^\n  File \"F:\\Sharan AI Projects\\GenAI AgenticAI Projects\\Automated_research_report_generation\\env\\Lib\\site-packages\\tenacity\\__init__.py\", line 413, in exc_check\n    raise retry_exc.reraise()\n          ^^^^^^^^^^^^^^^^^^^\n  File \"F:\\Sharan AI Projects\\GenAI AgenticAI Projects\\Automated_research_report_generation\\env\\Lib\\site-packages\\tenacity\\__init__.py\", line 184, in reraise\n    raise self.last_attempt.result()\n          ^^^^^^^^^^^^^^^^^^^^^^^^^^\n  File \"C:\\Users\\kumar\\AppData\\Roaming\\uv\\python\\cpython-3.12.11-windows-x86_64-none\\Lib\\concurrent\\futures\\_base.py\", line 449, in result\n    return self.__get_result()\n           ^^^^^^^^^^^^^^^^^^^\n  File \"C:\\Users\\kumar\\AppData\\Roaming\\uv\\python\\cpython-3.12.11-windows-x86_64-none\\Lib\\concurrent\\futures\\_base.py\", line 401, in __get_result\n    raise self._exception\n  File \"F:\\Sharan AI Projects\\GenAI AgenticAI Projects\\Automated_research_report_generation\\env\\Lib\\site-packages\\tenacity\\__init__.py\", line 473, in __call__\n    result = fn(*args, **kwargs)\n             ^^^^^^^^^^^^^^^^^^^\n  File \"F:\\Sharan AI Projects\\GenAI AgenticAI Projects\\Automated_research_report_generation\\env\\Lib\\site-packages\\langchain_google_genai\\chat_models.py\", line 222, in _chat_with_retry\n    raise e\n  File \"F:\\Sharan AI Projects\\GenAI AgenticAI Projects\\Automated_research_report_generation\\env\\Lib\\site-packages\\langchain_google_genai\\chat_models.py\", line 206, in _chat_with_retry\n    return generation_method(**kwargs)\n           ^^^^^^^^^^^^^^^^^^^^^^^^^^^\n  File \"F:\\Sharan AI Projects\\GenAI AgenticAI Projects\\Automated_research_report_generation\\env\\Lib\\site-packages\\google\\ai\\generativelanguage_v1beta\\services\\generative_service\\client.py\", line 868, in generate_content\n    response = rpc(\n               ^^^^\n  File \"F:\\Sharan AI Projects\\GenAI AgenticAI Projects\\Automated_research_report_generation\\env\\Lib\\site-packages\\google\\api_core\\gapic_v1\\method.py\", line 128, in __call__\n    return wrapped_func(*args, **kwargs)\n           ^^^^^^^^^^^^^^^^^^^^^^^^^^^^^\n  File \"F:\\Sharan AI Projects\\GenAI AgenticAI Projects\\Automated_research_report_generation\\env\\Lib\\site-packages\\google\\api_core\\retry\\retry_unary.py\", line 294, in retry_wrapped_func\n    return retry_target(\n           ^^^^^^^^^^^^^\n  File \"F:\\Sharan AI Projects\\GenAI AgenticAI Projects\\Automated_research_report_generation\\env\\Lib\\site-packages\\google\\api_core\\retry\\retry_unary.py\", line 156, in retry_target\n    next_sleep = _retry_error_helper(\n                 ^^^^^^^^^^^^^^^^^^^^\n  File \"F:\\Sharan AI Projects\\GenAI AgenticAI Projects\\Automated_research_report_generation\\env\\Lib\\site-packages\\google\\api_core\\retry\\retry_base.py\", line 216, in _retry_error_helper\n    raise final_exc from source_exc\n  File \"F:\\Sharan AI Projects\\GenAI AgenticAI Projects\\Automated_research_report_generation\\env\\Lib\\site-packages\\google\\api_core\\retry\\retry_unary.py\", line 147, in retry_target\n    result = target()\n             ^^^^^^^^\n  File \"F:\\Sharan AI Projects\\GenAI AgenticAI Projects\\Automated_research_report_generation\\env\\Lib\\site-packages\\google\\api_core\\timeout.py\", line 130, in func_with_timeout\n    return func(*args, **kwargs)\n           ^^^^^^^^^^^^^^^^^^^^^\n  File \"F:\\Sharan AI Projects\\GenAI AgenticAI Projects\\Automated_research_report_generation\\env\\Lib\\site-packages\\google\\api_core\\grpc_helpers.py\", line 57, in error_remapped_callable\n    raise exceptions.from_grpc_error(exc) from exc\ngoogle.api_core.exceptions.ResourceExhausted: 429 You exceeded your current quota, please check your plan and billing details. For more information on this error, head to: https://ai.google.dev/gemini-api/docs/rate-limits. To monitor your current usage, head to: https://ai.dev/rate-limit. \n* Quota exceeded for metric: generativelanguage.googleapis.com/generate_content_free_tier_requests, limit: 20, model: gemini-3-flash\nPlease retry in 35.449774011s. [links {\n  description: \"Learn more about Gemini API quotas\"\n  url: \"https://ai.google.dev/gemini-api/docs/rate-limits\"\n}\n, violations {\n  quota_metric: \"generativelanguage.googleapis.com/generate_content_free_tier_requests\"\n  quota_id: \"GenerateRequestsPerDayPerProjectPerModel-FreeTier\"\n  quota_dimensions {\n    key: \"model\"\n    value: \"gemini-3-flash\"\n  }\n  quota_dimensions {\n    key: \"location\"\n    value: \"global\"\n  }\n  quota_value: 20\n}\n, retry_delay {\n  seconds: 35\n}\n]\n", "timestamp": "2026-02-23T09:54:56.991894Z", "level": "error", "event": "Error updating feedback"}
